============================= test session starts ==============================
platform linux -- Python 3.13.5, pytest-9.0.0, pluggy-1.6.0 -- /mnt/d/progress/MATHESIS LAB/.venv/bin/python
cachedir: .pytest_cache
rootdir: /mnt/d/progress/MATHESIS LAB
plugins: anyio-4.11.0, asyncio-1.3.0, mock-3.15.1
asyncio: mode=Mode.STRICT, debug=False, asyncio_default_fixture_loop_scope=None, asyncio_default_test_loop_scope=function
collecting ... collected 115 items

backend/tests/integration/test_curriculum_crud_api.py::test_create_curriculum PASSED [  0%]
backend/tests/integration/test_curriculum_crud_api.py::test_create_curriculum_invalid_data PASSED [  1%]
backend/tests/integration/test_curriculum_crud_api.py::test_read_curriculum PASSED [  2%]
backend/tests/integration/test_curriculum_crud_api.py::test_read_curriculum_not_found PASSED [  3%]
backend/tests/integration/test_curriculum_crud_api.py::test_update_curriculum PASSED [  4%]
backend/tests/integration/test_curriculum_crud_api.py::test_update_curriculum_not_found PASSED [  5%]
backend/tests/integration/test_curriculum_crud_api.py::test_delete_curriculum PASSED [  6%]
backend/tests/integration/test_curriculum_crud_api.py::test_delete_curriculum_not_found PASSED [  6%]
backend/tests/integration/test_curriculum_node_api.py::test_create_node_for_curriculum PASSED [  7%]
backend/tests/integration/test_curriculum_node_api.py::test_read_curriculum_with_nodes PASSED [  8%]
backend/tests/integration/test_db_session_direct.py::test_direct_curriculum_creation PASSED [  9%]
backend/tests/integration/test_gcp_sync_api.py::TestGCPBackupRestore::test_backup_database_success PASSED [ 10%]
backend/tests/integration/test_gcp_sync_api.py::TestGCPBackupRestore::test_backup_database_gcp_unavailable PASSED [ 11%]
backend/tests/integration/test_gcp_sync_api.py::TestGCPBackupRestore::test_backup_database_failure PASSED [ 12%]
backend/tests/integration/test_gcp_sync_api.py::TestGCPBackupRestore::test_restore_database_success PASSED [ 13%]
backend/tests/integration/test_gcp_sync_api.py::TestGCPBackupRestore::test_restore_database_gcp_unavailable PASSED [ 13%]
backend/tests/integration/test_gcp_sync_api.py::TestGCPBackupRestore::test_restore_database_failure PASSED [ 14%]
backend/tests/integration/test_gcp_sync_api.py::TestGCPBackupManagement::test_list_backups_success PASSED [ 15%]
backend/tests/integration/test_gcp_sync_api.py::TestGCPBackupManagement::test_list_backups_no_filter PASSED [ 16%]
backend/tests/integration/test_gcp_sync_api.py::TestGCPBackupManagement::test_cleanup_old_backups_success PASSED [ 17%]
backend/tests/integration/test_gcp_sync_api.py::TestGCPBackupManagement::test_cleanup_with_default_keep_count PASSED [ 18%]
backend/tests/integration/test_gcp_sync_api.py::TestGCPBackupManagement::test_cleanup_gcp_unavailable PASSED [ 19%]
backend/tests/integration/test_gcp_sync_api.py::TestGCPSyncMetadata::test_create_sync_metadata_success PASSED [ 20%]
backend/tests/integration/test_gcp_sync_api.py::TestGCPSyncMetadata::test_get_restoration_options_success PASSED [ 20%]
backend/tests/integration/test_gcp_sync_api.py::TestGCPSyncMetadata::test_get_restoration_options_gcp_unavailable PASSED [ 21%]
backend/tests/integration/test_gcp_sync_api.py::TestGCPStatus::test_get_gcp_status_success PASSED [ 22%]
backend/tests/integration/test_gcp_sync_api.py::TestGCPStatus::test_health_check_healthy PASSED [ 23%]
backend/tests/integration/test_gcp_sync_api.py::TestGCPStatus::test_health_check_degraded PASSED [ 24%]
backend/tests/integration/test_gcp_sync_api.py::TestGCPErrorHandling::test_backup_with_missing_device_id PASSED [ 25%]
backend/tests/integration/test_gcp_sync_api.py::TestGCPErrorHandling::test_restore_with_invalid_json PASSED [ 26%]
backend/tests/integration/test_gcp_sync_api.py::TestGCPErrorHandling::test_endpoint_with_gcp_unavailable PASSED [ 26%]
backend/tests/integration/test_gcp_sync_api.py::TestGCPIntegrationFlow::test_backup_then_restore_flow PASSED [ 27%]
backend/tests/integration/test_gcp_sync_api.py::TestGCPIntegrationFlow::test_sync_metadata_initialization_flow PASSED [ 28%]
backend/tests/integration/test_literature_api.py::test_create_literature_item PASSED [ 29%]
backend/tests/integration/test_literature_api.py::test_read_literature_item PASSED [ 30%]
backend/tests/integration/test_literature_api.py::test_read_nonexistent_literature_item PASSED [ 31%]
backend/tests/integration/test_literature_api.py::test_update_literature_item PASSED [ 32%]
backend/tests/integration/test_literature_api.py::test_delete_literature_item PASSED [ 33%]
backend/tests/integration/test_literature_api.py::test_read_literature_items_with_tags PASSED [ 33%]
backend/tests/integration/test_literature_api.py::test_read_literature_items_pagination PASSED [ 34%]
backend/tests/integration/test_node_content_api.py::test_create_node_content PASSED [ 35%]
backend/tests/integration/test_node_content_api.py::test_create_node_content_node_not_found PASSED [ 36%]
backend/tests/integration/test_node_content_api.py::test_create_node_content_already_exists PASSED [ 37%]
backend/tests/integration/test_node_content_api.py::test_read_node_content PASSED [ 38%]
backend/tests/integration/test_node_content_api.py::test_read_node_content_not_found PASSED [ 39%]
backend/tests/integration/test_node_content_api.py::test_update_node_content PASSED [ 40%]
backend/tests/integration/test_node_content_api.py::test_update_node_content_not_found PASSED [ 40%]
backend/tests/integration/test_node_content_api.py::test_delete_node_content PASSED [ 41%]
backend/tests/integration/test_node_content_api.py::test_delete_node_content_not_found PASSED [ 42%]
backend/tests/integration/test_node_content_api.py::test_summarize_node_content PASSED [ 43%]
backend/tests/integration/test_node_content_api.py::test_extend_node_content PASSED [ 44%]
backend/tests/integration/test_node_content_api.py::test_summarize_node_content_service_error PASSED [ 45%]
backend/tests/integration/test_node_crud_api.py::test_read_node PASSED   [ 46%]
backend/tests/integration/test_node_crud_api.py::test_read_node_not_found PASSED [ 46%]
backend/tests/integration/test_node_crud_api.py::test_update_node PASSED [ 47%]
backend/tests/integration/test_node_crud_api.py::test_update_node_not_found PASSED [ 48%]
backend/tests/integration/test_node_crud_api.py::test_delete_node PASSED [ 49%]
backend/tests/integration/test_node_crud_api.py::test_delete_node_not_found PASSED [ 50%]
backend/tests/integration/test_node_link_api.py::test_create_youtube_link PASSED [ 51%]
backend/tests/integration/test_node_link_api.py::test_create_youtube_link_invalid_url PASSED [ 52%]
backend/tests/integration/test_node_link_api.py::test_create_zotero_link PASSED [ 53%]
backend/tests/integration/test_node_link_api.py::test_create_zotero_link_item_not_found PASSED [ 53%]
backend/tests/integration/test_node_link_api.py::test_read_node_links PASSED [ 54%]
backend/tests/integration/test_node_link_api.py::test_delete_node_link_success_youtube PASSED [ 55%]
backend/tests/integration/test_node_link_api.py::test_delete_node_link_success_zotero PASSED [ 56%]
backend/tests/integration/test_node_link_api.py::test_delete_node_link_node_not_found PASSED [ 57%]
backend/tests/integration/test_node_link_api.py::test_delete_node_link_link_not_found PASSED [ 58%]
backend/tests/integration/test_node_reorder_api.py::test_reorder_nodes_move_forward_same_parent PASSED [ 59%]
backend/tests/integration/test_node_reorder_api.py::test_reorder_nodes_move_backward_same_parent PASSED [ 60%]
backend/tests/integration/test_node_reorder_api.py::test_reorder_nodes_change_parent PASSED [ 60%]
backend/tests/integration/test_node_reorder_api.py::test_reorder_nodes_circular_dependency PASSED [ 61%]
backend/tests/integration/test_node_reorder_api.py::test_reorder_nodes_no_change PASSED [ 62%]
backend/tests/integration/test_node_reorder_api.py::test_reorder_nodes_out_of_bounds_index PASSED [ 63%]
backend/tests/integration/test_public_curriculum_api.py::test_create_public_curriculum PASSED [ 64%]
backend/tests/integration/test_public_curriculum_api.py::test_create_private_curriculum_by_default PASSED [ 65%]
backend/tests/integration/test_public_curriculum_api.py::test_update_curriculum_to_public PASSED [ 66%]
backend/tests/integration/test_public_curriculum_api.py::test_read_public_curriculums PASSED [ 66%]
backend/tests/integration/test_public_curriculum_api.py::test_read_all_curriculums_for_completeness PASSED [ 67%]
backend/tests/integration/test_public_curriculum_api.py::test_read_public_curriculums_pagination PASSED [ 68%]
backend/tests/integration/test_simple_crud.py::test_create_simple_curriculum PASSED [ 69%]
backend/tests/integration/test_youtube_api.py::test_get_youtube_video_metadata_success PASSED [ 70%]
backend/tests/integration/test_youtube_api.py::test_get_youtube_video_metadata_no_api_key PASSED [ 71%]
backend/tests/integration/test_youtube_api.py::test_get_youtube_video_metadata_video_not_found PASSED [ 72%]
backend/tests/integration/test_youtube_api.py::test_get_youtube_video_metadata_service_error PASSED [ 73%]
backend/tests/integration/test_zotero_api.py::test_search_zotero_items_success PASSED [ 73%]
backend/tests/integration/test_zotero_api.py::test_create_zotero_node_link_success_new_item PASSED [ 74%]
backend/tests/integration/test_zotero_api.py::test_create_zotero_node_link_success_existing_item PASSED [ 75%]
backend/tests/integration/test_zotero_api.py::test_create_zotero_node_link_node_not_found PASSED [ 76%]
backend/tests/integration/test_zotero_api.py::test_create_zotero_node_link_zotero_item_not_found_external PASSED [ 77%]
backend/tests/integration/test_zotero_api.py::test_search_zotero_items_no_tag PASSED [ 78%]
backend/tests/integration/test_zotero_api.py::test_search_zotero_items_service_error PASSED [ 79%]
backend/tests/integration/test_zotero_api.py::test_search_zotero_items_config_error PASSED [ 80%]
backend/tests/unit/test_curriculum_service.py::test_create_curriculum PASSED [ 80%]
backend/tests/unit/test_curriculum_service.py::test_get_curriculum PASSED [ 81%]
backend/tests/unit/test_curriculum_service.py::test_get_curriculum_not_found PASSED [ 82%]
backend/tests/unit/test_curriculum_service.py::test_update_curriculum PASSED [ 83%]
backend/tests/unit/test_curriculum_service.py::test_update_curriculum_not_found PASSED [ 84%]
backend/tests/unit/test_curriculum_service.py::test_delete_curriculum PASSED [ 85%]
backend/tests/unit/test_curriculum_service.py::test_delete_curriculum_not_found PASSED [ 86%]
backend/tests/unit/test_node_service.py::test_create_node PASSED         [ 86%]
backend/tests/unit/test_node_service.py::test_create_node_parent_node_not_found PASSED [ 87%]
backend/tests/unit/test_node_service.py::test_create_node_parent_node_wrong_curriculum PASSED [ 88%]
backend/tests/unit/test_node_service.py::test_get_node PASSED            [ 89%]
backend/tests/unit/test_node_service.py::test_get_node_not_found PASSED  [ 90%]
backend/tests/unit/test_node_service.py::test_get_nodes_by_curriculum PASSED [ 91%]
backend/tests/unit/test_node_service.py::test_update_node PASSED         [ 92%]
backend/tests/unit/test_node_service.py::test_delete_node PASSED         [ 93%]
backend/tests/unit/test_node_service.py::test_delete_node_with_descendants PASSED [ 93%]
backend/tests/unit/test_node_service.py::test_create_node_content PASSED [ 94%]
backend/tests/unit/test_node_service.py::test_get_node_links PASSED      [ 95%]
backend/tests/unit/test_node_service.py::test_get_node_links_no_links PASSED [ 96%]
backend/tests/unit/test_node_service.py::test_delete_node_link_success PASSED [ 97%]
backend/tests/unit/test_node_service.py::test_delete_node_link_not_found PASSED [ 98%]
backend/tests/unit/test_node_service.py::test_extract_youtube_video_id_valid_urls PASSED [ 99%]
backend/tests/unit/test_node_service.py::test_extract_youtube_video_id_invalid_urls PASSED [100%]

=============================== warnings summary ===============================
backend/tests/unit/test_node_service.py::test_create_node_parent_node_not_found
backend/tests/unit/test_node_service.py::test_create_node_parent_node_wrong_curriculum
  /mnt/d/progress/MATHESIS LAB/backend/tests/conftest.py:45: SAWarning: transaction already deassociated from connection
    transaction.rollback()

-- Docs: https://docs.pytest.org/en/stable/how-to/capture-warnings.html
======================= 115 passed, 2 warnings in 5.51s ========================
